0 info it worked if it ends with ok
1 verbose cli [ 'C:\\Program Files\\nodejs\\node.exe',
1 verbose cli   'C:\\Program Files\\nodejs\\node_modules\\npm\\bin\\npm-cli.js',
1 verbose cli   'run',
1 verbose cli   'dev-server' ]
2 info using npm@3.10.10
3 info using node@v6.11.3
4 verbose run-script [ 'predev-server', 'dev-server', 'postdev-server' ]
5 info lifecycle boilerplate@1.0.0~predev-server: boilerplate@1.0.0
6 silly lifecycle boilerplate@1.0.0~predev-server: no script for predev-server, continuing
7 info lifecycle boilerplate@1.0.0~dev-server: boilerplate@1.0.0
8 verbose lifecycle boilerplate@1.0.0~dev-server: unsafe-perm in lifecycle true
9 verbose lifecycle boilerplate@1.0.0~dev-server: PATH: C:\Program Files\nodejs\node_modules\npm\bin\node-gyp-bin;T:\Projects\react.js\complete-react\portfolio-app\node_modules\.bin;C:\Windows\system32;C:\Windows;C:\Windows\System32\Wbem;C:\Windows\System32\WindowsPowerShell\v1.0\;C:\Program Files\Skype\Phone\;C:\Program Files\nodejs\;C:\wamp\bin\php\php5.6.31;C:\Users\JMD Bhatnagar's\AppData\Roaming\npm;C:\Python33\;C:\Program Files\Java\jdk1.6.0_21\bin;C:\wamp\bin\mysql\mysql5.7.19\bin
10 verbose lifecycle boilerplate@1.0.0~dev-server: CWD: T:\Projects\react.js\complete-react\portfolio-app
11 silly lifecycle boilerplate@1.0.0~dev-server: Args: [ '/d /s /c', 'webpack-dev-server --hot' ]
12 silly lifecycle boilerplate@1.0.0~dev-server: Returned: code: 3221225786  signal: null
13 info lifecycle boilerplate@1.0.0~dev-server: Failed to exec dev-server script
14 verbose stack Error: boilerplate@1.0.0 dev-server: `webpack-dev-server --hot`
14 verbose stack Exit status 3221225786
14 verbose stack     at EventEmitter.<anonymous> (C:\Program Files\nodejs\node_modules\npm\lib\utils\lifecycle.js:255:16)
14 verbose stack     at emitTwo (events.js:106:13)
14 verbose stack     at EventEmitter.emit (events.js:191:7)
14 verbose stack     at ChildProcess.<anonymous> (C:\Program Files\nodejs\node_modules\npm\lib\utils\spawn.js:40:14)
14 verbose stack     at emitTwo (events.js:106:13)
14 verbose stack     at ChildProcess.emit (events.js:191:7)
14 verbose stack     at maybeClose (internal/child_process.js:920:16)
14 verbose stack     at Process.ChildProcess._handle.onexit (internal/child_process.js:230:5)
15 verbose pkgid boilerplate@1.0.0
16 verbose cwd T:\Projects\react.js\complete-react\portfolio-app
17 error Windows_NT 6.1.7600
18 error argv "C:\\Program Files\\nodejs\\node.exe" "C:\\Program Files\\nodejs\\node_modules\\npm\\bin\\npm-cli.js" "run" "dev-server"
19 error node v6.11.3
20 error npm  v3.10.10
21 error code ELIFECYCLE
22 error boilerplate@1.0.0 dev-server: `webpack-dev-server --hot`
22 error Exit status 3221225786
23 error Failed at the boilerplate@1.0.0 dev-server script 'webpack-dev-server --hot'.
23 error Make sure you have the latest version of node.js and npm installed.
23 error If you do, this is most likely a problem with the boilerplate package,
23 error not with npm itself.
23 error Tell the author that this fails on your system:
23 error     webpack-dev-server --hot
23 error You can get information on how to open an issue for this project with:
23 error     npm bugs boilerplate
23 error Or if that isn't available, you can get their info via:
23 error     npm owner ls boilerplate
23 error There is likely additional logging output above.
24 verbose exit [ 1, true ]
